1494316292893	geckodriver	INFO	Listening on 127.0.0.1:55880
1494316799588	geckodriver	INFO	Listening on 127.0.0.1:58131
1494316800879	geckodriver::marionette	INFO	Starting browser /Applications/Firefox.app/Contents/MacOS/firefox-bin with args ["-marionette"]
1494316803352	Marionette	INFO	Listening on port 58144
1494316803434	Marionette	WARN	TLS certificate errors will be ignored for this session
2017-05-09 16:00:03.980 plugin-container[5348:478575] *** CFMessagePort: bootstrap_register(): failed 1100 (0x44c) 'Permission denied', port = 0x8f3f, name = 'com.apple.tsm.portname'
See /usr/include/servers/bootstrap_defs.h for the error codes.
2017-05-09 16:00:03.983 plugin-container[5348:478575] *** CFMessagePort: bootstrap_register(): failed 1100 (0x44c) 'Permission denied', port = 0x902f, name = 'com.apple.CFPasteboardClient'
See /usr/include/servers/bootstrap_defs.h for the error codes.
2017-05-09 16:00:03.983 plugin-container[5348:478575] void __CFPasteboardSetup() : Failed to allocate communication port for com.apple.CFPasteboardClient; this is likely due to sandbox restrictions
1494316847310	geckodriver	INFO	Listening on 127.0.0.1:58401
1494316848631	geckodriver::marionette	INFO	Starting browser /Applications/Firefox.app/Contents/MacOS/firefox-bin with args ["-marionette"]
1494316851095	Marionette	INFO	Listening on port 58414
1494316851186	Marionette	WARN	TLS certificate errors will be ignored for this session
2017-05-09 16:00:51.698 plugin-container[5358:479754] *** CFMessagePort: bootstrap_register(): failed 1100 (0x44c) 'Permission denied', port = 0x8c3f, name = 'com.apple.tsm.portname'
See /usr/include/servers/bootstrap_defs.h for the error codes.
2017-05-09 16:00:51.699 plugin-container[5358:479754] *** CFMessagePort: bootstrap_register(): failed 1100 (0x44c) 'Permission denied', port = 0x8e13, name = 'com.apple.CFPasteboardClient'
See /usr/include/servers/bootstrap_defs.h for the error codes.
2017-05-09 16:00:51.699 plugin-container[5358:479754] void __CFPasteboardSetup() : Failed to allocate communication port for com.apple.CFPasteboardClient; this is likely due to sandbox restrictions
JavaScript error: https://abs.twimg.com/k/en/init.en.8e2ce879db0673eaa59a.js, line 39: SecurityError: The operation is insecure.
1494316909630	geckodriver	INFO	Listening on 127.0.0.1:58740
1494316910835	geckodriver::marionette	INFO	Starting browser /Applications/Firefox.app/Contents/MacOS/firefox-bin with args ["-marionette"]
1494316914206	Marionette	INFO	Listening on port 58754
1494316914325	Marionette	WARN	TLS certificate errors will be ignored for this session
JavaScript error: https://abs.twimg.com/k/en/init.en.8e2ce879db0673eaa59a.js, line 39: SecurityError: The operation is insecure.
1494316997657	geckodriver	INFO	Listening on 127.0.0.1:59119
1494316998849	geckodriver::marionette	INFO	Starting browser /Applications/Firefox.app/Contents/MacOS/firefox-bin with args ["-marionette"]
1494317001409	Marionette	INFO	Listening on port 59129
1494317001499	Marionette	WARN	TLS certificate errors will be ignored for this session
*************************
A coding exception was thrown and uncaught in a Task.

Full message: TypeError: NetworkError when attempting to fetch resource.
Full stack: 
*************************
1494317465276	geckodriver	INFO	Listening on 127.0.0.1:61073
1494317466499	geckodriver::marionette	INFO	Starting browser /Applications/Firefox.app/Contents/MacOS/firefox-bin with args ["-marionette"]
1494317468704	Marionette	INFO	Listening on port 61090
1494317468830	Marionette	WARN	TLS certificate errors will be ignored for this session
*************************
A coding exception was thrown and uncaught in a Task.

Full message: TypeError: NetworkError when attempting to fetch resource.
Full stack: 
*************************
1494317536797	geckodriver	INFO	Listening on 127.0.0.1:61413
1494317538018	geckodriver::marionette	INFO	Starting browser /Applications/Firefox.app/Contents/MacOS/firefox-bin with args ["-marionette"]
1494317540257	Marionette	INFO	Listening on port 61430
1494317540337	Marionette	WARN	TLS certificate errors will be ignored for this session
1494317694476	geckodriver	INFO	Listening on 127.0.0.1:62154
1494317695701	geckodriver::marionette	INFO	Starting browser /Applications/Firefox.app/Contents/MacOS/firefox-bin with args ["-marionette"]
1494317697948	Marionette	INFO	Listening on port 62167
1494317698059	Marionette	WARN	TLS certificate errors will be ignored for this session
1494317720605	geckodriver	INFO	Listening on 127.0.0.1:62319
1494317721829	geckodriver::marionette	INFO	Starting browser /Applications/Firefox.app/Contents/MacOS/firefox-bin with args ["-marionette"]
1494317723936	Marionette	INFO	Listening on port 62332
1494317724048	Marionette	WARN	TLS certificate errors will be ignored for this session
2017-05-09 16:16:01.353 plugin-container[5547:492769] *** CFMessagePort: bootstrap_register(): failed 1100 (0x44c) 'Permission denied', port = 0x923f, name = 'com.apple.tsm.portname'
See /usr/include/servers/bootstrap_defs.h for the error codes.
2017-05-09 16:16:01.356 plugin-container[5547:492769] *** CFMessagePort: bootstrap_register(): failed 1100 (0x44c) 'Permission denied', port = 0x5717, name = 'com.apple.CFPasteboardClient'
See /usr/include/servers/bootstrap_defs.h for the error codes.
2017-05-09 16:16:01.356 plugin-container[5547:492769] void __CFPasteboardSetup() : Failed to allocate communication port for com.apple.CFPasteboardClient; this is likely due to sandbox restrictions
1494317780592	geckodriver	INFO	Listening on 127.0.0.1:62597
1494317781822	geckodriver::marionette	INFO	Starting browser /Applications/Firefox.app/Contents/MacOS/firefox-bin with args ["-marionette"]
1494317784429	Marionette	INFO	Listening on port 62607
1494317784523	Marionette	WARN	TLS certificate errors will be ignored for this session
1494318116893	geckodriver	INFO	Listening on 127.0.0.1:64045
1494318118128	geckodriver::marionette	INFO	Starting browser /Applications/Firefox.app/Contents/MacOS/firefox-bin with args ["-marionette"]
1494318120466	Marionette	INFO	Listening on port 64058
1494318120562	Marionette	WARN	TLS certificate errors will be ignored for this session
2017-05-09 16:22:01.094 plugin-container[5577:496611] *** CFMessagePort: bootstrap_register(): failed 1100 (0x44c) 'Permission denied', port = 0x8f3f, name = 'com.apple.tsm.portname'
See /usr/include/servers/bootstrap_defs.h for the error codes.
2017-05-09 16:22:01.098 plugin-container[5577:496611] *** CFMessagePort: bootstrap_register(): failed 1100 (0x44c) 'Permission denied', port = 0x510b, name = 'com.apple.CFPasteboardClient'
See /usr/include/servers/bootstrap_defs.h for the error codes.
2017-05-09 16:22:01.098 plugin-container[5577:496611] void __CFPasteboardSetup() : Failed to allocate communication port for com.apple.CFPasteboardClient; this is likely due to sandbox restrictions
console.error: 
  Could not write session state file 
  Message: Unix error 28 during operation open on file /var/folders/01/m5kwl9dx2pzb0bq6vr9t3_jr0000gn/T/rust_mozprofile.c5QqOgAbLEwy/sessionstore-backups/recovery.js.tmp (No space left on device)
  
console.error: 
  Could not write session state file 
  Message: Unix error 28 during operation open on file /var/folders/01/m5kwl9dx2pzb0bq6vr9t3_jr0000gn/T/rust_mozprofile.c5QqOgAbLEwy/sessionstore-backups/recovery.js.tmp (No space left on device)
  
console.error: 
  Could not write session state file 
  Message: Unix error 28 during operation open on file /var/folders/01/m5kwl9dx2pzb0bq6vr9t3_jr0000gn/T/rust_mozprofile.c5QqOgAbLEwy/sessionstore-backups/recovery.js.tmp (No space left on device)
  
console.error: 
  Could not write session state file 
  Message: Unix error 28 during operation open on file /var/folders/01/m5kwl9dx2pzb0bq6vr9t3_jr0000gn/T/rust_mozprofile.c5QqOgAbLEwy/sessionstore-backups/recovery.js.tmp (No space left on device)
  
console.error: 
  Could not write session state file 
  Message: Unix error 28 during operation open on file /var/folders/01/m5kwl9dx2pzb0bq6vr9t3_jr0000gn/T/rust_mozprofile.c5QqOgAbLEwy/sessionstore-backups/recovery.js.tmp (No space left on device)
  
console.error: 
  Could not write session state f1494318738338	geckodriver	INFO	Listening on 127.0.0.1:49473
1494318739724	geckodriver::marionette	INFO	Starting browser /Applications/Firefox.app/Contents/MacOS/firefox-bin with args ["-marionette"]
1494318742291	Marionette	INFO	Listening on port 49482
1494318742363	Marionette	WARN	TLS certificate errors will be ignored for this session
2017-05-09 16:32:22.943 plugin-container[765:9400] *** CFMessagePort: bootstrap_register(): failed 1100 (0x44c) 'Permission denied', port = 0x8e3f, name = 'com.apple.tsm.portname'
See /usr/include/servers/bootstrap_defs.h for the error codes.
2017-05-09 16:32:22.944 plugin-container[765:9400] *** CFMessagePort: bootstrap_register(): failed 1100 (0x44c) 'Permission denied', port = 0x902b, name = 'com.apple.CFPasteboardClient'
See /usr/include/servers/bootstrap_defs.h for the error codes.
2017-05-09 16:32:22.944 plugin-container[765:9400] void __CFPasteboardSetup() : Failed to allocate communication port for com.apple.CFPasteboardClient; this is likely due to sandbox restrictions
1494318825776	geckodriver	INFO	Listening on 127.0.0.1:49576
1494318826989	geckodriver::marionette	INFO	Starting browser /Applications/Firefox.app/Contents/MacOS/firefox-bin with args ["-marionette"]
1494318829154	Marionette	INFO	Listening on port 49586
1494318829229	Marionette	WARN	TLS certificate errors will be ignored for this session
2017-05-09 16:33:49.718 plugin-container[779:11465] *** CFMessagePort: bootstrap_register(): failed 1100 (0x44c) 'Permission denied', port = 0x8e3f, name = 'com.apple.tsm.portname'
See /usr/include/servers/bootstrap_defs.h for the error codes.
2017-05-09 16:33:49.722 plugin-container[779:11465] *** CFMessagePort: bootstrap_register(): failed 1100 (0x44c) 'Permission denied', port = 0x901f, name = 'com.apple.CFPasteboardClient'
See /usr/include/servers/bootstrap_defs.h for the error codes.
2017-05-09 16:33:49.722 plugin-container[779:11465] void __CFPasteboardSetup() : Failed to allocate communication port for com.apple.CFPasteboardClient; this is likely due to sandbox restrictions
1494318853632	geckodriver	INFO	Listening on 127.0.0.1:49679
1494318854826	geckodriver::marionette	INFO	Starting browser /Applications/Firefox.app/Contents/MacOS/firefox-bin with args ["-marionette"]
1494318857049	Marionette	INFO	Listening on port 49688
1494318857134	Marionette	WARN	TLS certificate errors will be ignored for this session
2017-05-09 16:34:17.592 plugin-container[787:12527] *** CFMessagePort: bootstrap_register(): failed 1100 (0x44c) 'Permission denied', port = 0x8d3f, name = 'com.apple.tsm.portname'
See /usr/include/servers/bootstrap_defs.h for the error codes.
2017-05-09 16:34:17.593 plugin-container[787:12527] *** CFMessagePort: bootstrap_register(): failed 1100 (0x44c) 'Permission denied', port = 0x8f1f, name = 'com.apple.CFPasteboardClient'
See /usr/include/servers/bootstrap_defs.h for the error codes.
2017-05-09 16:34:17.593 plugin-container[787:12527] void __CFPasteboardSetup() : Failed to allocate communication port for com.apple.CFPasteboardClient; this is likely due to sandbox restrictions
1494319073534	geckodriver	INFO	Listening on 127.0.0.1:49928
1494319074707	geckodriver::marionette	INFO	Starting browser /Applications/Firefox.app/Contents/MacOS/firefox-bin with args ["-marionette"]
1494319076929	Marionette	INFO	Listening on port 49937
1494319077019	Marionette	WARN	TLS certificate errors will be ignored for this session
2017-05-09 16:37:57.577 plugin-container[806:16162] *** CFMessagePort: bootstrap_register(): failed 1100 (0x44c) 'Permission denied', port = 0x903b, name = 'com.apple.tsm.portname'
See /usr/include/servers/bootstrap_defs.h for the error codes.
2017-05-09 16:37:57.583 plugin-container[806:16162] *** CFMessagePort: bootstrap_register(): failed 1100 (0x44c) 'Permission denied', port = 0x9313, name = 'com.apple.CFPasteboardClient'
See /usr/include/servers/bootstrap_defs.h for the error codes.
2017-05-09 16:37:57.583 plugin-container[806:16162] void __CFPasteboardSetup() : Failed to allocate communication port for com.apple.CFPasteboardClient; this is likely due to sandbox restrictions
1494319153234	geckodriver	INFO	Listening on 127.0.0.1:50021
1494319154421	geckodriver::marionette	INFO	Starting browser /Applications/Firefox.app/Contents/MacOS/firefox-bin with args ["-marionette"]
1494319156664	Marionette	INFO	Listening on port 50030
1494319156738	Marionette	WARN	TLS certificate errors will be ignored for this session
2017-05-09 16:39:17.247 plugin-container[813:17596] *** CFMessagePort: bootstrap_register(): failed 1100 (0x44c) 'Permission denied', port = 0x8d3f, name = 'com.apple.tsm.portname'
See /usr/include/servers/bootstrap_defs.h for the error codes.
2017-05-09 16:39:17.251 plugin-container[813:17596] *** CFMessagePort: bootstrap_register(): failed 1100 (0x44c) 'Permission denied', port = 0x4f17, name = 'com.apple.CFPasteboardClient'
See /usr/include/servers/bootstrap_defs.h for the error codes.
2017-05-09 16:39:17.251 plugin-container[813:17596] void __CFPasteboardSetup() : Failed to allocate communication port for com.apple.CFPasteboardClient; this is likely due to sandbox restrictions
1494320201248	geckodriver	INFO	Listening on 127.0.0.1:50469
1494320525743	geckodriver	INFO	Listening on 127.0.0.1:50565
1494320526958	geckodriver::marionette	INFO	Starting browser /Applications/Firefox.app/Contents/MacOS/firefox-bin with args ["-marionette"]
1494320529154	Marionette	INFO	Listening on port 50571
1494320529264	Marionette	WARN	TLS certificate errors will be ignored for this session
2017-05-09 17:02:09.773 plugin-container[945:28724] *** CFMessagePort: bootstrap_register(): failed 1100 (0x44c) 'Permission denied', port = 0x8d3f, name = 'com.apple.tsm.portname'
See /usr/include/servers/bootstrap_defs.h for the error codes.
2017-05-09 17:02:09.777 plugin-container[945:28724] *** CFMessagePort: bootstrap_register(): failed 1100 (0x44c) 'Permission denied', port = 0x500f, name = 'com.apple.CFPasteboardClient'
See /usr/include/servers/bootstrap_defs.h for the error codes.
2017-05-09 17:02:09.777 plugin-container[945:28724] void __CFPasteboardSetup() : Failed to allocate communication port for com.apple.CFPasteboardClient; this is likely due to sandbox restrictions
1494320896296	geckodriver	INFO	Listening on 127.0.0.1:50825
1494322143569	geckodriver	INFO	Listening on 127.0.0.1:51107
1494322266599	geckodriver	INFO	Listening on 127.0.0.1:51123
1494322267849	geckodriver::marionette	INFO	Starting browser /Applications/Firefox.app/Contents/MacOS/firefox-bin with args ["-marionette", "--connect-existing"]
1494322270155	Marionette	INFO	Listening on port 51132
1494322270261	Marionette	WARN	TLS certificate errors will be ignored for this session
2017-05-09 17:31:10.733 plugin-container[1020:44322] *** CFMessagePort: bootstrap_register(): failed 1100 (0x44c) 'Permission denied', port = 0x8e3f, name = 'com.apple.tsm.portname'
See /usr/include/servers/bootstrap_defs.h for the error codes.
2017-05-09 17:31:10.738 plugin-container[1020:44322] *** CFMessagePort: bootstrap_register(): failed 1100 (0x44c) 'Permission denied', port = 0x901b, name = 'com.apple.CFPasteboardClient'
See /usr/include/servers/bootstrap_defs.h for the error codes.
2017-05-09 17:31:10.738 plugin-container[1020:44322] void __CFPasteboardSetup() : Failed to allocate communication port for com.apple.CFPasteboardClient; this is likely due to sandbox restrictions
1494322844642	geckodriver	INFO	Listening on 127.0.0.1:51325
1494322925584	geckodriver	INFO	Listening on 127.0.0.1:51349
1494322926800	geckodriver::marionette	INFO	Starting browser /Applications/Firefox.app/Contents/MacOS/firefox with args ["-marionette", "--connect-existing"]
1494322928923	Marionette	INFO	Listening on port 51358
1494322929007	Marionette	WARN	TLS certificate errors will be ignored for this session
2017-05-09 17:42:09.498 plugin-container[1191:52492] *** CFMessagePort: bootstrap_register(): failed 1100 (0x44c) 'Permission denied', port = 0x8b3b, name = 'com.apple.tsm.portname'
See /usr/include/servers/bootstrap_defs.h for the error codes.
2017-05-09 17:42:09.502 plugin-container[1191:52492] *** CFMessagePort: bootstrap_register(): failed 1100 (0x44c) 'Permission denied', port = 0x8e0f, name = 'com.apple.CFPasteboardClient'
See /usr/include/servers/bootstrap_defs.h for the error codes.
2017-05-09 17:42:09.502 plugin-container[1191:52492] void __CFPasteboardSetup() : Failed to allocate communication port for com.apple.CFPasteboardClient; this is likely due to sandbox restrictions
